[2022-Mar-05 20:39:15.981504] [info] - start assembly command with id = 1
[2022-Mar-05 20:39:17.260839] [info] - counting k-mers in input set of reads...
[2022-Mar-05 20:39:24.567439] [info] - processing read number: 100000
[2022-Mar-05 20:39:30.295775] [info] - processing read number: 200000
[2022-Mar-05 20:39:37.469160] [info] - processing read number: 300000
[2022-Mar-05 20:39:43.313798] [info] - processing read number: 400000
[2022-Mar-05 20:39:49.459839] [info] - processing read number: 500000
[2022-Mar-05 20:39:58.100171] [info] - processing read number: 600000
[2022-Mar-05 20:40:03.689049] [info] - processing read number: 700000
[2022-Mar-05 20:40:09.277239] [info] - processing read number: 800000
[2022-Mar-05 20:40:10.327983] [info] - k-mer occurrence table is built, number of elements: 19307958
[2022-Mar-05 20:40:10.328024] [info] - storing k-mer occurrence table to file...
[2022-Mar-05 20:40:55.925770] [info] - k-mer occurrence table stored to file
[2022-Mar-05 20:40:56.154777] [info] - Counting number of lines...
[2022-Mar-05 20:40:58.358821] [info] - processing line number: 10000000
[2022-Mar-05 20:41:00.423844] [info] - Num of lines: 19307958
[2022-Mar-05 20:41:35.499694] [info] - processing line number: 10000000
[2022-Mar-05 20:42:13.521127] [info] - processing line number: 20000000
[2022-Mar-05 20:42:40.762862] [info] - processing line number: 30000000
[2022-Mar-05 20:43:04.816910] [info] - building de Bruijn graph...
[2022-Mar-05 20:43:21.746524] [info] - graph is built...
[2022-Mar-05 20:43:21.746594] [info] - number of edges: 38615916
[2022-Mar-05 20:43:21.746608] [info] - number of vertices: 38893182
[2022-Mar-05 20:43:21.747161] [info] - removing tips...
[2022-Mar-05 20:43:32.333954] [info] - Removed 1246156 tips: 762412 for start vertices and 483744 for end vertices.
[2022-Mar-05 20:43:32.334169] [info] - removing tips...
[2022-Mar-05 20:43:33.138499] [info] - Removed 17762 tips: 13159 for start vertices and 4603 for end vertices.
[2022-Mar-05 20:43:33.138708] [info] - removing tips...
[2022-Mar-05 20:43:33.793937] [info] - Removed 44 tips: 44 for start vertices and 0 for end vertices.
[2022-Mar-05 20:43:33.794162] [info] - removing tips...
[2022-Mar-05 20:43:34.472333] [info] - Removed 2 tips: 2 for start vertices and 0 for end vertices.
[2022-Mar-05 20:43:34.472540] [info] - removing tips...
[2022-Mar-05 20:43:35.183535] [info] - Removed 0 tips: 0 for start vertices and 0 for end vertices.
[2022-Mar-05 20:43:35.183727] [info] - removing tips...
[2022-Mar-05 20:43:35.866961] [info] - Removed 0 tips: 0 for start vertices and 0 for end vertices.
[2022-Mar-05 20:43:35.867172] [info] - correcting weights of connected edges...
[2022-Mar-05 20:43:39.420008] [info] - removing low counter edges...
[2022-Mar-05 20:43:39.596825] [info] - correcting weights of connected edges...
[2022-Mar-05 20:43:43.426283] [info] - normalization rate: 0.083592
[2022-Mar-05 20:43:43.426368] [info] - removing tips...
[2022-Mar-05 20:43:43.945868] [info] - Removed 0 tips: 0 for start vertices and 0 for end vertices.
[2022-Mar-05 20:43:43.946063] [info] - removing bubbles...
[2022-Mar-05 20:43:44.343153] [info] - Removed 0 bubbles.
[2022-Mar-05 20:43:44.343621] [info] - correcting weights of connected edges...
[2022-Mar-05 20:43:48.162024] [info] - Sum of deleted edges counters while normalization: 170
[2022-Mar-05 20:43:48.162079] [info] - compressing reads graph...
[2022-Mar-05 20:43:49.947743] [info] - uncompressed reads graph: disconnected vertices: 35666954
[2022-Mar-05 20:43:49.947793] [info] - compressed reads graph: vertices: 830 edges: 918
[2022-Mar-05 20:43:49.948447] [info] - num of disconnected unitigs: 0
[2022-Mar-05 20:43:49.948726] [info] - num components: 36
[2022-Mar-05 20:44:01.651688] [info] - processing line number: 10000000
[2022-Mar-05 20:44:13.445856] [info] - processing line number: 20000000
[2022-Mar-05 20:44:25.582393] [info] - processing line number: 30000000
[2022-Mar-05 20:44:36.378755] [info] - uncompressing unitigs...
[2022-Mar-05 20:44:36.447393] [info] - num of sequences: 436
[2022-Mar-05 20:44:36.447445] [info] - sum: 3252847
[2022-Mar-05 20:44:36.447474] [info] - max: 99154
[2022-Mar-05 20:44:36.447491] [info] - average: 7460.658203
[2022-Mar-05 20:44:36.447503] [info] - median: 289.000000
[2022-Mar-05 20:44:36.447513] [info] - N50: 38119
