/quast-4.6.3/quast.py -R genom.fna.gz de_novo_out

Version: 4.6.3, 1f2766b

System information:
  OS: Linux-5.10.60.1-microsoft-standard-WSL2-x86_64-with-Ubuntu-14.04-trusty (linux_64)
  Python version: 2.7.6
  CPUs number: 8

Started: 2022-03-05 20:55:21

Logging to /tmp/quast_results/results_2022_03_05_20_55_21/quast.log
NOTICE: Maximum number of threads is set to 2 (use --threads option to set it manually)

CWD: /tmp
Main parameters: 
  Threads: 2, minimum contig length: 500, ambiguity: one, threshold for extensive misassembly size: 1000

WARNING: Can't draw plots: python-matplotlib is missing or corrupted.

Reference:
  genom.fna.gz ==> genom

Contigs:
  Pre-processing...
  de_novo_out ==> de_novo_out

2022-03-05 20:55:21
Running Basic statistics processor...
  Reference genome:
    genom.fna, length = 1637762, num fragments = 2, GC % = 38.90
  Contig files: 
    de_novo_out
  Calculating N50 and L50...
    de_novo_out, N50 = 38119, L50 = 26, Total length = 3213335, GC % = 38.93, # N's per 100 kbp =  0.00
Done.

2022-03-05 20:55:22
Running Contig analyzer...
NOTICE: Previous try of E-MEM compilation was unsuccessful! For forced retrying, please remove /quast-4.6.3/quast_libs/MUMmer/make.emem.failed and restart QUAST. Currently, QUAST will use Nucmer which is absolutely fine, albeit slower.
  de_novo_out
  Logging to files /tmp/quast_results/results_2022_03_05_20_55_21/contigs_reports/contigs_report_de_novo_out.stdout and contigs_report_de_novo_out.stderr...
  Aligning contigs to the reference
  /quast-4.6.3/quast_libs/MUMmer/nucmer -c 65 -l 65 --maxmatch -p quast_results/results_2022_03_05_20_55_21/contigs_reports/nucmer_output/de_novo_out \
  quast_results/results_2022_03_05_20_55_21/quast_corrected_input/genom.fna quast_results/results_2022_03_05_20_55_21/quast_corrected_input/de_novo_out \
  >> quast_results/results_2022_03_05_20_55_21/contigs_reports/contigs_report_de_novo_out.stdout \
  2>> quast_results/results_2022_03_05_20_55_21/contigs_reports/contigs_report_de_novo_out.stderr
  /quast-4.6.3/quast_libs/MUMmer/delta-filter -i 95.0 -l 0 quast_results/results_2022_03_05_20_55_21/contigs_reports/nucmer_output/de_novo_out.delta \
  > quast_results/results_2022_03_05_20_55_21/contigs_reports/nucmer_output/de_novo_out.fdelta \
  2> quast_results/results_2022_03_05_20_55_21/contigs_reports/contigs_report_de_novo_out.stderr
  /quast-4.6.3/quast_libs/MUMmer/mummerplot --html --layout -p quast_results/results_2022_03_05_20_55_21/contigs_reports/nucmer_output/de_novo_out \
  quast_results/results_2022_03_05_20_55_21/contigs_reports/nucmer_output/de_novo_out.delta \
  > quast_results/results_2022_03_05_20_55_21/contigs_reports/contigs_report_de_novo_out.stdout \
  2> quast_results/results_2022_03_05_20_55_21/contigs_reports/contigs_report_de_novo_out.stderr
  /quast-4.6.3/quast_libs/gnuplot/src/gnuplot quast_results/results_2022_03_05_20_55_21/contigs_reports/nucmer_output/de_novo_out.gp \
  > /dev/null 2> quast_results/results_2022_03_05_20_55_21/contigs_reports/contigs_report_de_novo_out.stderr
  MUMmer plot saved to /tmp/quast_results/results_2022_03_05_20_55_21/contigs_reports/de_novo_out_mummerplot.html
  /quast-4.6.3/quast_libs/MUMmer/show-coords quast_results/results_2022_03_05_20_55_21/contigs_reports/nucmer_output/de_novo_out.delta \
  > quast_results/results_2022_03_05_20_55_21/contigs_reports/nucmer_output/de_novo_out.coords_tmp \
  2> quast_results/results_2022_03_05_20_55_21/contigs_reports/contigs_report_de_novo_out.stderr
  /quast-4.6.3/quast_libs/MUMmer/show-snps -S -T -H quast_results/results_2022_03_05_20_55_21/contigs_reports/nucmer_output/de_novo_out.delta \
  < quast_results/results_2022_03_05_20_55_21/contigs_reports/nucmer_output/de_novo_out.coords.headless \
  > quast_results/results_2022_03_05_20_55_21/contigs_reports/nucmer_output/de_novo_out.all_snps \
  2> quast_results/results_2022_03_05_20_55_21/contigs_reports/contigs_report_de_novo_out.stderr
  Analysis is finished.

  Gzipping /tmp/quast_results/results_2022_03_05_20_55_21/contigs_reports/nucmer_output/de_novo_out.all_snps to reduce disk space usage...
    saved to /tmp/quast_results/results_2022_03_05_20_55_21/contigs_reports/nucmer_output/de_novo_out.all_snps.gz
  Creating total report...
    saved to /tmp/quast_results/results_2022_03_05_20_55_21/contigs_reports/misassemblies_report.txt, misassemblies_report.tsv, and misassemblies_report.tex
  Transposed version of total report...
    saved to /tmp/quast_results/results_2022_03_05_20_55_21/contigs_reports/transposed_report_misassemblies.txt, transposed_report_misassemblies.tsv, and transposed_report_misassemblies.tex
  Creating total report...
    saved to /tmp/quast_results/results_2022_03_05_20_55_21/contigs_reports/unaligned_report.txt, unaligned_report.tsv, and unaligned_report.tex
Done.

2022-03-05 20:55:29
Running NA-NGA calculation...
  de_novo_out, Largest alignment = 99154, NA50 = 38119, NGA50 = 62833, LA50 = 26, LGA50 = 11
Done.

2022-03-05 20:55:30
Running Genome analyzer...
  NOTICE: No file with genes provided. Use the -G option if you want to specify it.
  NOTICE: No file with operons provided. Use the -O option if you want to specify it.
  de_novo_out
  Analysis is finished.
Done.

NOTICE: Genes are not predicted by default. Use --gene-finding option to enable it.

2022-03-05 20:55:31
Creating large visual summaries...
This may take a while: press Ctrl-C to skip this step..
  1 of 1: Creating Icarus viewers...
Done

2022-03-05 20:55:31
RESULTS:
  Text versions of total report are saved to /tmp/quast_results/results_2022_03_05_20_55_21/report.txt, report.tsv, and report.tex
  Text versions of transposed total report are saved to /tmp/quast_results/results_2022_03_05_20_55_21/transposed_report.txt, transposed_report.tsv, and transposed_report.tex
  HTML version (interactive tables and plots) saved to /tmp/quast_results/results_2022_03_05_20_55_21/report.html
  Icarus (contig browser) is saved to /tmp/quast_results/results_2022_03_05_20_55_21/icarus.html
  Log saved to /tmp/quast_results/results_2022_03_05_20_55_21/quast.log

Finished: 2022-03-05 20:55:31
Elapsed time: 0:00:10.498555
NOTICEs: 5; WARNINGs: 2; non-fatal ERRORs: 0

Thank you for using QUAST!
